<?xml version="1.0" encoding="UTF-8"?>
<!-- Generated by org.testng.reporters.JUnitXMLReporter -->
<testsuite ignored="1" hostname="DESKTOP-V5VVE22" failures="0" tests="2" name="Car Loan" time="0.044" errors="0" timestamp="2024-10-15T03:02:56 IST">
  <testcase classname="test.Day03" name="mobileLoginCarLoan" time="0.008"/>
  <testcase classname="test.Day03" name="apiLoginCarLoan" time="0.003"/>
  <testcase classname="test.Day03" name="webLoginCarLoan" time="0.0">
    <ignored/>
  </testcase> <!-- webLoginCarLoan -->
</testsuite> <!-- Car Loan -->
