<?xml version="1.0" encoding="UTF-8"?>
<!-- Generated by org.testng.reporters.JUnitXMLReporter -->
<testsuite ignored="0" hostname="DESKTOP-V5VVE22" failures="0" tests="3" name="data provider demo" time="0.053" errors="0" timestamp="2024-10-15T02:47:35 IST">
  <testcase classname="test.Day05" name="dataProvider" time="0.012"/>
  <testcase classname="test.Day05" name="dataProvider" time="0.001"/>
  <testcase classname="test.Day05" name="dataProvider" time="0.001"/>
</testsuite> <!-- data provider demo -->
