<?xml version="1.0" encoding="UTF-8"?>
<!-- Generated by org.testng.reporters.JUnitXMLReporter -->
<testsuite ignored="4" hostname="DESKTOP-V5VVE22" failures="0" tests="4" name="Personal Loan" time="0.052" errors="0" timestamp="2024-10-15T03:02:56 IST">
  <testcase classname="test.Day01" name="Demo" time="0.007"/>
  <testcase classname="test.Day01" name="mobileLoginHelicopterLoan" time="0.001"/>
  <testcase classname="test.Day01" name="urlCheck" time="0.004"/>
  <testcase classname="test.Day02" name="first" time="0.004"/>
  <testcase classname="test.Day04" name="mobileLoginBikeLoan" time="0.0">
    <ignored/>
  </testcase> <!-- mobileLoginBikeLoan -->
  <testcase classname="test.Day04" name="apiLoginBikeLoan" time="0.0">
    <ignored/>
  </testcase> <!-- apiLoginBikeLoan -->
  <testcase classname="test.Day01" name="secondTest" time="0.0">
    <ignored/>
  </testcase> <!-- secondTest -->
  <testcase classname="test.Day02" name="personalLoanTest" time="0.0">
    <ignored/>
  </testcase> <!-- personalLoanTest -->
</testsuite> <!-- Personal Loan -->
