<?xml version="1.0" encoding="UTF-8"?>
<!-- Generated by org.testng.reporters.JUnitXMLReporter -->
<testsuite ignored="7" hostname="DESKTOP-V5VVE22" failures="0" tests="4" name="Smoke Test" time="0.058" errors="0" timestamp="2024-10-15T00:13:10 IST">
  <testcase classname="test.Day01" name="secondTest" time="0.011"/>
  <testcase classname="test.Day02" name="personalLoanTest" time="0.002"/>
  <testcase classname="test.Day03" name="webLoginCarLoan" time="0.001"/>
  <testcase classname="test.Day04" name="mobileLoginBikeLoan" time="0.002"/>
  <testcase classname="test.Day02" name="first" time="0.0">
    <ignored/>
  </testcase> <!-- first -->
  <testcase classname="test.Day03" name="mobileLoginCarLoan" time="0.0">
    <ignored/>
  </testcase> <!-- mobileLoginCarLoan -->
  <testcase classname="test.Day01" name="urlCheck" time="0.0">
    <ignored/>
  </testcase> <!-- urlCheck -->
  <testcase classname="test.Day04" name="apiLoginBikeLoan" time="0.0">
    <ignored/>
  </testcase> <!-- apiLoginBikeLoan -->
  <testcase classname="test.Day03" name="apiLoginCarLoan" time="0.0">
    <ignored/>
  </testcase> <!-- apiLoginCarLoan -->
  <testcase classname="test.Day01" name="mobileLoginHelicopterLoan" time="0.0">
    <ignored/>
  </testcase> <!-- mobileLoginHelicopterLoan -->
  <testcase classname="test.Day01" name="Demo" time="0.0">
    <ignored/>
  </testcase> <!-- Demo -->
</testsuite> <!-- Smoke Test -->
