<?xml version="1.0" encoding="UTF-8"?>
<!-- Generated by org.testng.reporters.JUnitXMLReporter -->
<testsuite ignored="0" hostname="DESKTOP-V5VVE22" failures="0" tests="6" name="Test" time="0.065" errors="0" timestamp="2024-10-12T20:04:35 IST">
  <testcase classname="test.Day01" name="Demo" time="0.013"/>
  <testcase classname="test.Day01" name="secondTest" time="0.001"/>
  <testcase classname="test.Day02" name="personalLoanTest" time="0.001"/>
  <testcase classname="test.Day03" name="apiLoginCarLoan" time="0.001"/>
  <testcase classname="test.Day03" name="mobileLoginCarLoan" time="0.001"/>
  <testcase classname="test.Day03" name="webLoginCarLoan" time="0.002"/>
</testsuite> <!-- Test -->
