<?xml version="1.0" encoding="UTF-8"?>
<testng-results ignored="0" total="2" passed="2" failed="0" skipped="0">
  <reporter-output>
  </reporter-output>
  <suite started-at="2024-11-05T05:12:39 IST" name="Default suite" finished-at="2024-11-05T05:12:39 IST" duration-ms="598">
    <groups>
    </groups>
    <test started-at="2024-11-05T05:12:39 IST" name="Default test" finished-at="2024-11-05T05:12:39 IST" duration-ms="598">
      <class name="test.dataDriven">
        <test-method signature="test(java.lang.String,java.lang.String,java.lang.String)[pri:0, instance:test.dataDriven@1c9b0314]" started-at="2024-11-05T05:12:39 IST" name="test" data-provider="driveTest" finished-at="2024-11-05T05:12:39 IST" duration-ms="13" status="PASS">
          <params>
            <param index="0">
              <value>
                <![CDATA[akhtarsameer743@gmail.com]]>
              </value>
            </param>
            <param index="1">
              <value>
                <![CDATA[kuchBhi00]]>
              </value>
            </param>
            <param index="2">
              <value>
                <![CDATA[RandomText001]]>
              </value>
            </param>
          </params>
          <reporter-output>
          </reporter-output>
        </test-method> <!-- test -->
        <test-method signature="test(java.lang.String,java.lang.String,java.lang.String)[pri:0, instance:test.dataDriven@1c9b0314]" started-at="2024-11-05T05:12:39 IST" name="test" data-provider="driveTest" finished-at="2024-11-05T05:12:39 IST" duration-ms="1" status="PASS">
          <params>
            <param index="0">
              <value>
                <![CDATA[sameerakhtar1513@gmail.com]]>
              </value>
            </param>
            <param index="1">
              <value>
                <![CDATA[kuchBhi01]]>
              </value>
            </param>
            <param index="2">
              <value>
                <![CDATA[RandomText002]]>
              </value>
            </param>
          </params>
          <reporter-output>
          </reporter-output>
        </test-method> <!-- test -->
      </class> <!-- test.dataDriven -->
    </test> <!-- Default test -->
  </suite> <!-- Default suite -->
</testng-results>
